2021-02-03 20:31:05,418 INFO  [main] i.o.c.launcher.bootstrap.Bootstrap Launching application from '/Users/souhailamellouk/Documents/Étude/HIV 2021/LOG8371/onedev/server-product/target/sandbox'...
2021-02-03 20:31:05,506 INFO  [main] i.o.c.launcher.loader.AppLoader Initializing dependency injection container...
2021-02-03 20:31:07,247 INFO  [main] i.o.c.launcher.loader.AppLoader Starting plugin manager...
2021-02-03 20:31:16,823 WARN  [main] io.onedev.server.OneDev Please set up the server at http://192.168.1.71:6610
2021-02-03 21:01:23,911 ERROR [Connector-Scheduler-10876a6-1] i.o.s.w.websocket.WebSocketProcessor An error occurred when using WebSocket.
org.eclipse.jetty.websocket.api.CloseException: java.util.concurrent.TimeoutException: Idle timeout expired: 1800004/1800000 ms
	at org.eclipse.jetty.websocket.common.io.AbstractWebSocketConnection.onReadTimeout(AbstractWebSocketConnection.java:564) [websocket-common-9.4.35.v20201120.jar:9.4.35.v20201120]
	at org.eclipse.jetty.io.AbstractConnection.onFillInterestedFailed(AbstractConnection.java:172) [jetty-io-9.4.35.v20201120.jar:9.4.35.v20201120]
	at org.eclipse.jetty.websocket.common.io.AbstractWebSocketConnection.onFillInterestedFailed(AbstractWebSocketConnection.java:539) [websocket-common-9.4.35.v20201120.jar:9.4.35.v20201120]
	at org.eclipse.jetty.io.AbstractConnection$ReadCallback.failed(AbstractConnection.java:317) [jetty-io-9.4.35.v20201120.jar:9.4.35.v20201120]
	at org.eclipse.jetty.io.FillInterest.onFail(FillInterest.java:140) [jetty-io-9.4.35.v20201120.jar:9.4.35.v20201120]
	at org.eclipse.jetty.io.AbstractEndPoint.onIdleExpired(AbstractEndPoint.java:407) [jetty-io-9.4.35.v20201120.jar:9.4.35.v20201120]
	at org.eclipse.jetty.io.IdleTimeout.checkIdleTimeout(IdleTimeout.java:171) [jetty-io-9.4.35.v20201120.jar:9.4.35.v20201120]
	at org.eclipse.jetty.io.IdleTimeout.idleCheck(IdleTimeout.java:113) [jetty-io-9.4.35.v20201120.jar:9.4.35.v20201120]
	at java.util.concurrent.Executors$RunnableAdapter.call(Executors.java:511) ~[na:1.8.0_282]
	at java.util.concurrent.FutureTask.run(FutureTask.java:266) ~[na:1.8.0_282]
	at java.util.concurrent.ScheduledThreadPoolExecutor$ScheduledFutureTask.access$201(ScheduledThreadPoolExecutor.java:180) ~[na:1.8.0_282]
	at java.util.concurrent.ScheduledThreadPoolExecutor$ScheduledFutureTask.run(ScheduledThreadPoolExecutor.java:293) ~[na:1.8.0_282]
	at java.util.concurrent.ThreadPoolExecutor.runWorker(ThreadPoolExecutor.java:1149) ~[na:1.8.0_282]
	at java.util.concurrent.ThreadPoolExecutor$Worker.run(ThreadPoolExecutor.java:624) ~[na:1.8.0_282]
	at java.lang.Thread.run(Thread.java:748) ~[na:1.8.0_282]
Caused by: java.util.concurrent.TimeoutException: Idle timeout expired: 1800004/1800000 ms
	... 9 common frames omitted
2021-02-03 22:36:35,843 WARN  [HikariPool-1 housekeeper] com.zaxxer.hikari.pool.HikariPool HikariPool-1 - Thread starvation or clock leap detected (housekeeper delta=1h5m55s372ms).
2021-02-03 23:43:08,895 WARN  [HikariPool-1 housekeeper] com.zaxxer.hikari.pool.HikariPool HikariPool-1 - Thread starvation or clock leap detected (housekeeper delta=1h6m33s52ms).
2021-02-04 00:51:27,229 WARN  [HikariPool-1 housekeeper] com.zaxxer.hikari.pool.HikariPool HikariPool-1 - Thread starvation or clock leap detected (housekeeper delta=59m48s282ms).
2021-02-04 01:27:15,556 ERROR [Connector-Scheduler-10876a6-1] i.o.s.w.websocket.WebSocketProcessor An error occurred when using WebSocket.
org.eclipse.jetty.websocket.api.CloseException: java.util.concurrent.TimeoutException: Idle timeout expired: 1800011/1800000 ms
	at org.eclipse.jetty.websocket.common.io.AbstractWebSocketConnection.onReadTimeout(AbstractWebSocketConnection.java:564) [websocket-common-9.4.35.v20201120.jar:9.4.35.v20201120]
	at org.eclipse.jetty.io.AbstractConnection.onFillInterestedFailed(AbstractConnection.java:172) [jetty-io-9.4.35.v20201120.jar:9.4.35.v20201120]
	at org.eclipse.jetty.websocket.common.io.AbstractWebSocketConnection.onFillInterestedFailed(AbstractWebSocketConnection.java:539) [websocket-common-9.4.35.v20201120.jar:9.4.35.v20201120]
	at org.eclipse.jetty.io.AbstractConnection$ReadCallback.failed(AbstractConnection.java:317) [jetty-io-9.4.35.v20201120.jar:9.4.35.v20201120]
	at org.eclipse.jetty.io.FillInterest.onFail(FillInterest.java:140) [jetty-io-9.4.35.v20201120.jar:9.4.35.v20201120]
	at org.eclipse.jetty.io.AbstractEndPoint.onIdleExpired(AbstractEndPoint.java:407) [jetty-io-9.4.35.v20201120.jar:9.4.35.v20201120]
	at org.eclipse.jetty.io.IdleTimeout.checkIdleTimeout(IdleTimeout.java:171) [jetty-io-9.4.35.v20201120.jar:9.4.35.v20201120]
	at org.eclipse.jetty.io.IdleTimeout.idleCheck(IdleTimeout.java:113) [jetty-io-9.4.35.v20201120.jar:9.4.35.v20201120]
	at java.util.concurrent.Executors$RunnableAdapter.call(Executors.java:511) ~[na:1.8.0_282]
	at java.util.concurrent.FutureTask.run(FutureTask.java:266) ~[na:1.8.0_282]
	at java.util.concurrent.ScheduledThreadPoolExecutor$ScheduledFutureTask.access$201(ScheduledThreadPoolExecutor.java:180) ~[na:1.8.0_282]
	at java.util.concurrent.ScheduledThreadPoolExecutor$ScheduledFutureTask.run(ScheduledThreadPoolExecutor.java:293) ~[na:1.8.0_282]
	at java.util.concurrent.ThreadPoolExecutor.runWorker(ThreadPoolExecutor.java:1149) ~[na:1.8.0_282]
	at java.util.concurrent.ThreadPoolExecutor$Worker.run(ThreadPoolExecutor.java:624) ~[na:1.8.0_282]
	at java.lang.Thread.run(Thread.java:748) ~[na:1.8.0_282]
Caused by: java.util.concurrent.TimeoutException: Idle timeout expired: 1800011/1800000 ms
	... 9 common frames omitted
2021-02-04 03:57:59,539 WARN  [HikariPool-1 housekeeper] com.zaxxer.hikari.pool.HikariPool HikariPool-1 - Thread starvation or clock leap detected (housekeeper delta=2h1m1s886ms).
2021-02-04 06:57:13,547 WARN  [HikariPool-1 housekeeper] com.zaxxer.hikari.pool.HikariPool HikariPool-1 - Thread starvation or clock leap detected (housekeeper delta=2h59m13s910ms).
2021-02-04 10:27:56,592 WARN  [HikariPool-1 housekeeper] com.zaxxer.hikari.pool.HikariPool HikariPool-1 - Thread starvation or clock leap detected (housekeeper delta=3h30m43s85ms).
2021-02-04 16:10:19,110 WARN  [HikariPool-1 housekeeper] com.zaxxer.hikari.pool.HikariPool HikariPool-1 - Thread starvation or clock leap detected (housekeeper delta=5h42m22s575ms).
2021-02-04 16:51:59,348 WARN  [HikariPool-1 housekeeper] com.zaxxer.hikari.pool.HikariPool HikariPool-1 - Thread starvation or clock leap detected (housekeeper delta=40m6s21ms).
2021-02-04 17:26:13,131 WARN  [HikariPool-1 housekeeper] com.zaxxer.hikari.pool.HikariPool HikariPool-1 - Thread starvation or clock leap detected (housekeeper delta=32m43s787ms).
2021-02-04 17:35:34,210 WARN  [HikariPool-1 housekeeper] com.zaxxer.hikari.pool.HikariPool HikariPool-1 - Thread starvation or clock leap detected (housekeeper delta=8m51s79ms).
2021-02-04 17:58:45,736 ERROR [Connector-Scheduler-10876a6-1] i.o.s.w.websocket.WebSocketProcessor An error occurred when using WebSocket.
org.eclipse.jetty.websocket.api.CloseException: java.util.concurrent.TimeoutException: Idle timeout expired: 1800005/1800000 ms
	at org.eclipse.jetty.websocket.common.io.AbstractWebSocketConnection.onReadTimeout(AbstractWebSocketConnection.java:564) [websocket-common-9.4.35.v20201120.jar:9.4.35.v20201120]
	at org.eclipse.jetty.io.AbstractConnection.onFillInterestedFailed(AbstractConnection.java:172) [jetty-io-9.4.35.v20201120.jar:9.4.35.v20201120]
	at org.eclipse.jetty.websocket.common.io.AbstractWebSocketConnection.onFillInterestedFailed(AbstractWebSocketConnection.java:539) [websocket-common-9.4.35.v20201120.jar:9.4.35.v20201120]
	at org.eclipse.jetty.io.AbstractConnection$ReadCallback.failed(AbstractConnection.java:317) [jetty-io-9.4.35.v20201120.jar:9.4.35.v20201120]
	at org.eclipse.jetty.io.FillInterest.onFail(FillInterest.java:140) [jetty-io-9.4.35.v20201120.jar:9.4.35.v20201120]
	at org.eclipse.jetty.io.AbstractEndPoint.onIdleExpired(AbstractEndPoint.java:407) [jetty-io-9.4.35.v20201120.jar:9.4.35.v20201120]
	at org.eclipse.jetty.io.IdleTimeout.checkIdleTimeout(IdleTimeout.java:171) [jetty-io-9.4.35.v20201120.jar:9.4.35.v20201120]
	at org.eclipse.jetty.io.IdleTimeout.idleCheck(IdleTimeout.java:113) [jetty-io-9.4.35.v20201120.jar:9.4.35.v20201120]
	at java.util.concurrent.Executors$RunnableAdapter.call(Executors.java:511) ~[na:1.8.0_282]
	at java.util.concurrent.FutureTask.run(FutureTask.java:266) ~[na:1.8.0_282]
	at java.util.concurrent.ScheduledThreadPoolExecutor$ScheduledFutureTask.access$201(ScheduledThreadPoolExecutor.java:180) ~[na:1.8.0_282]
	at java.util.concurrent.ScheduledThreadPoolExecutor$ScheduledFutureTask.run(ScheduledThreadPoolExecutor.java:293) ~[na:1.8.0_282]
	at java.util.concurrent.ThreadPoolExecutor.runWorker(ThreadPoolExecutor.java:1149) ~[na:1.8.0_282]
	at java.util.concurrent.ThreadPoolExecutor$Worker.run(ThreadPoolExecutor.java:624) ~[na:1.8.0_282]
	at java.lang.Thread.run(Thread.java:748) ~[na:1.8.0_282]
Caused by: java.util.concurrent.TimeoutException: Idle timeout expired: 1800005/1800000 ms
	... 9 common frames omitted
2021-02-04 18:13:46,767 ERROR [Connector-Scheduler-10876a6-1] i.o.s.w.websocket.WebSocketProcessor An error occurred when using WebSocket.
org.eclipse.jetty.websocket.api.CloseException: java.util.concurrent.TimeoutException: Idle timeout expired: 1800004/1800000 ms
	at org.eclipse.jetty.websocket.common.io.AbstractWebSocketConnection.onReadTimeout(AbstractWebSocketConnection.java:564) [websocket-common-9.4.35.v20201120.jar:9.4.35.v20201120]
	at org.eclipse.jetty.io.AbstractConnection.onFillInterestedFailed(AbstractConnection.java:172) [jetty-io-9.4.35.v20201120.jar:9.4.35.v20201120]
	at org.eclipse.jetty.websocket.common.io.AbstractWebSocketConnection.onFillInterestedFailed(AbstractWebSocketConnection.java:539) [websocket-common-9.4.35.v20201120.jar:9.4.35.v20201120]
	at org.eclipse.jetty.io.AbstractConnection$ReadCallback.failed(AbstractConnection.java:317) [jetty-io-9.4.35.v20201120.jar:9.4.35.v20201120]
	at org.eclipse.jetty.io.FillInterest.onFail(FillInterest.java:140) [jetty-io-9.4.35.v20201120.jar:9.4.35.v20201120]
	at org.eclipse.jetty.io.AbstractEndPoint.onIdleExpired(AbstractEndPoint.java:407) [jetty-io-9.4.35.v20201120.jar:9.4.35.v20201120]
	at org.eclipse.jetty.io.IdleTimeout.checkIdleTimeout(IdleTimeout.java:171) [jetty-io-9.4.35.v20201120.jar:9.4.35.v20201120]
	at org.eclipse.jetty.io.IdleTimeout.idleCheck(IdleTimeout.java:113) [jetty-io-9.4.35.v20201120.jar:9.4.35.v20201120]
	at java.util.concurrent.Executors$RunnableAdapter.call(Executors.java:511) ~[na:1.8.0_282]
	at java.util.concurrent.FutureTask.run(FutureTask.java:266) ~[na:1.8.0_282]
	at java.util.concurrent.ScheduledThreadPoolExecutor$ScheduledFutureTask.access$201(ScheduledThreadPoolExecutor.java:180) ~[na:1.8.0_282]
	at java.util.concurrent.ScheduledThreadPoolExecutor$ScheduledFutureTask.run(ScheduledThreadPoolExecutor.java:293) ~[na:1.8.0_282]
	at java.util.concurrent.ThreadPoolExecutor.runWorker(ThreadPoolExecutor.java:1149) ~[na:1.8.0_282]
	at java.util.concurrent.ThreadPoolExecutor$Worker.run(ThreadPoolExecutor.java:624) ~[na:1.8.0_282]
	at java.lang.Thread.run(Thread.java:748) ~[na:1.8.0_282]
Caused by: java.util.concurrent.TimeoutException: Idle timeout expired: 1800004/1800000 ms
	... 9 common frames omitted
2021-02-04 20:20:39,021 WARN  [HikariPool-1 housekeeper] com.zaxxer.hikari.pool.HikariPool HikariPool-1 - Thread starvation or clock leap detected (housekeeper delta=33m32s12ms).
2021-02-04 20:45:21,501 WARN  [HikariPool-1 housekeeper] com.zaxxer.hikari.pool.HikariPool HikariPool-1 - Thread starvation or clock leap detected (housekeeper delta=23m42s490ms).
2021-02-04 22:46:19,273 WARN  [HikariPool-1 housekeeper] com.zaxxer.hikari.pool.HikariPool HikariPool-1 - Thread starvation or clock leap detected (housekeeper delta=2h27s770ms).
2021-02-05 00:17:02,294 WARN  [HikariPool-1 housekeeper] com.zaxxer.hikari.pool.HikariPool HikariPool-1 - Thread starvation or clock leap detected (housekeeper delta=1h30m13s20ms).
2021-02-05 00:24:53,761 WARN  [HikariPool-1 housekeeper] com.zaxxer.hikari.pool.HikariPool HikariPool-1 - Thread starvation or clock leap detected (housekeeper delta=7m51s467ms).
2021-02-05 01:02:10,360 ERROR [Connector-Scheduler-10876a6-1] i.o.s.w.websocket.WebSocketProcessor An error occurred when using WebSocket.
org.eclipse.jetty.websocket.api.CloseException: java.util.concurrent.TimeoutException: Idle timeout expired: 1800002/1800000 ms
	at org.eclipse.jetty.websocket.common.io.AbstractWebSocketConnection.onReadTimeout(AbstractWebSocketConnection.java:564) [websocket-common-9.4.35.v20201120.jar:9.4.35.v20201120]
	at org.eclipse.jetty.io.AbstractConnection.onFillInterestedFailed(AbstractConnection.java:172) [jetty-io-9.4.35.v20201120.jar:9.4.35.v20201120]
	at org.eclipse.jetty.websocket.common.io.AbstractWebSocketConnection.onFillInterestedFailed(AbstractWebSocketConnection.java:539) [websocket-common-9.4.35.v20201120.jar:9.4.35.v20201120]
	at org.eclipse.jetty.io.AbstractConnection$ReadCallback.failed(AbstractConnection.java:317) [jetty-io-9.4.35.v20201120.jar:9.4.35.v20201120]
	at org.eclipse.jetty.io.FillInterest.onFail(FillInterest.java:140) [jetty-io-9.4.35.v20201120.jar:9.4.35.v20201120]
	at org.eclipse.jetty.io.AbstractEndPoint.onIdleExpired(AbstractEndPoint.java:407) [jetty-io-9.4.35.v20201120.jar:9.4.35.v20201120]
	at org.eclipse.jetty.io.IdleTimeout.checkIdleTimeout(IdleTimeout.java:171) [jetty-io-9.4.35.v20201120.jar:9.4.35.v20201120]
	at org.eclipse.jetty.io.IdleTimeout.idleCheck(IdleTimeout.java:113) [jetty-io-9.4.35.v20201120.jar:9.4.35.v20201120]
	at java.util.concurrent.Executors$RunnableAdapter.call(Executors.java:511) ~[na:1.8.0_282]
	at java.util.concurrent.FutureTask.run(FutureTask.java:266) ~[na:1.8.0_282]
	at java.util.concurrent.ScheduledThreadPoolExecutor$ScheduledFutureTask.access$201(ScheduledThreadPoolExecutor.java:180) ~[na:1.8.0_282]
	at java.util.concurrent.ScheduledThreadPoolExecutor$ScheduledFutureTask.run(ScheduledThreadPoolExecutor.java:293) ~[na:1.8.0_282]
	at java.util.concurrent.ThreadPoolExecutor.runWorker(ThreadPoolExecutor.java:1149) ~[na:1.8.0_282]
	at java.util.concurrent.ThreadPoolExecutor$Worker.run(ThreadPoolExecutor.java:624) ~[na:1.8.0_282]
	at java.lang.Thread.run(Thread.java:748) ~[na:1.8.0_282]
Caused by: java.util.concurrent.TimeoutException: Idle timeout expired: 1800002/1800000 ms
	... 9 common frames omitted
2021-02-05 03:11:51,283 WARN  [HikariPool-1 housekeeper] com.zaxxer.hikari.pool.HikariPool HikariPool-1 - Thread starvation or clock leap detected (housekeeper delta=2h27s125ms).
2021-02-05 07:00:21,594 WARN  [HikariPool-1 housekeeper] com.zaxxer.hikari.pool.HikariPool HikariPool-1 - Thread starvation or clock leap detected (housekeeper delta=3h48m30s141ms).
2021-02-05 09:00:51,519 WARN  [HikariPool-1 housekeeper] com.zaxxer.hikari.pool.HikariPool HikariPool-1 - Thread starvation or clock leap detected (housekeeper delta=2h30s94ms).
2021-02-05 10:46:16,190 WARN  [HikariPool-1 housekeeper] com.zaxxer.hikari.pool.HikariPool HikariPool-1 - Thread starvation or clock leap detected (housekeeper delta=1h45m24s670ms).
2021-02-15 14:27:44,870 INFO  [main] i.o.c.launcher.bootstrap.Bootstrap Launching application from '/Users/souhailamellouk/Documents/Étude/HIV 2021/LOG8371/onedev/server-product/target/sandbox'...
2021-02-15 14:27:44,874 INFO  [main] i.o.c.launcher.bootstrap.Bootstrap Cleaning temp directory...
2021-02-15 14:27:44,971 INFO  [main] i.o.c.launcher.loader.AppLoader Initializing dependency injection container...
2021-02-15 14:27:46,882 INFO  [main] i.o.c.launcher.loader.AppLoader Starting plugin manager...
2021-02-15 14:27:52,219 WARN  [main] io.onedev.server.OneDev Please set up the server at http://192.168.1.78:6610
2021-02-15 14:58:10,308 ERROR [Connector-Scheduler-19569ebd-1] i.o.s.w.websocket.WebSocketProcessor An error occurred when using WebSocket.
org.eclipse.jetty.websocket.api.CloseException: java.util.concurrent.TimeoutException: Idle timeout expired: 1800001/1800000 ms
	at org.eclipse.jetty.websocket.common.io.AbstractWebSocketConnection.onReadTimeout(AbstractWebSocketConnection.java:564) [websocket-common-9.4.35.v20201120.jar:9.4.35.v20201120]
	at org.eclipse.jetty.io.AbstractConnection.onFillInterestedFailed(AbstractConnection.java:172) [jetty-io-9.4.35.v20201120.jar:9.4.35.v20201120]
	at org.eclipse.jetty.websocket.common.io.AbstractWebSocketConnection.onFillInterestedFailed(AbstractWebSocketConnection.java:539) [websocket-common-9.4.35.v20201120.jar:9.4.35.v20201120]
	at org.eclipse.jetty.io.AbstractConnection$ReadCallback.failed(AbstractConnection.java:317) [jetty-io-9.4.35.v20201120.jar:9.4.35.v20201120]
	at org.eclipse.jetty.io.FillInterest.onFail(FillInterest.java:140) [jetty-io-9.4.35.v20201120.jar:9.4.35.v20201120]
	at org.eclipse.jetty.io.AbstractEndPoint.onIdleExpired(AbstractEndPoint.java:407) [jetty-io-9.4.35.v20201120.jar:9.4.35.v20201120]
	at org.eclipse.jetty.io.IdleTimeout.checkIdleTimeout(IdleTimeout.java:171) [jetty-io-9.4.35.v20201120.jar:9.4.35.v20201120]
	at org.eclipse.jetty.io.IdleTimeout.idleCheck(IdleTimeout.java:113) [jetty-io-9.4.35.v20201120.jar:9.4.35.v20201120]
	at java.util.concurrent.Executors$RunnableAdapter.call(Executors.java:511) ~[na:1.8.0_282]
	at java.util.concurrent.FutureTask.run(FutureTask.java:266) ~[na:1.8.0_282]
	at java.util.concurrent.ScheduledThreadPoolExecutor$ScheduledFutureTask.access$201(ScheduledThreadPoolExecutor.java:180) ~[na:1.8.0_282]
	at java.util.concurrent.ScheduledThreadPoolExecutor$ScheduledFutureTask.run(ScheduledThreadPoolExecutor.java:293) ~[na:1.8.0_282]
	at java.util.concurrent.ThreadPoolExecutor.runWorker(ThreadPoolExecutor.java:1149) ~[na:1.8.0_282]
	at java.util.concurrent.ThreadPoolExecutor$Worker.run(ThreadPoolExecutor.java:624) ~[na:1.8.0_282]
	at java.lang.Thread.run(Thread.java:748) ~[na:1.8.0_282]
Caused by: java.util.concurrent.TimeoutException: Idle timeout expired: 1800001/1800000 ms
	... 9 common frames omitted
2021-02-15 15:28:56,816 INFO  [main] i.o.c.launcher.bootstrap.Bootstrap Launching application from '/Users/souhailamellouk/Documents/Étude/HIV 2021/LOG8371/onedev/server-product/target/sandbox'...
2021-02-15 15:28:56,819 INFO  [main] i.o.c.launcher.bootstrap.Bootstrap Cleaning temp directory...
2021-02-15 15:28:56,936 INFO  [main] i.o.c.launcher.loader.AppLoader Initializing dependency injection container...
2021-02-15 15:28:58,454 INFO  [main] i.o.c.launcher.loader.AppLoader Starting plugin manager...
2021-02-15 15:29:04,423 WARN  [main] io.onedev.server.OneDev Please set up the server at http://192.168.1.78:6610
2021-02-15 21:21:28,837 WARN  [HikariPool-1 housekeeper] com.zaxxer.hikari.pool.HikariPool HikariPool-1 - Thread starvation or clock leap detected (housekeeper delta=1h23m55s524ms).
2021-02-15 22:42:08,253 WARN  [HikariPool-1 housekeeper] com.zaxxer.hikari.pool.HikariPool HikariPool-1 - Thread starvation or clock leap detected (housekeeper delta=45m39s166ms).
2021-02-16 04:15:10,515 WARN  [HikariPool-1 housekeeper] com.zaxxer.hikari.pool.HikariPool HikariPool-1 - Thread starvation or clock leap detected (housekeeper delta=1h35m30s540ms).
2021-02-16 06:15:21,380 WARN  [HikariPool-1 housekeeper] com.zaxxer.hikari.pool.HikariPool HikariPool-1 - Thread starvation or clock leap detected (housekeeper delta=2h10s853ms).
2021-02-16 08:15:51,274 WARN  [HikariPool-1 housekeeper] com.zaxxer.hikari.pool.HikariPool HikariPool-1 - Thread starvation or clock leap detected (housekeeper delta=2h29s903ms).
2021-02-16 12:57:31,304 WARN  [HikariPool-1 housekeeper] com.zaxxer.hikari.pool.HikariPool HikariPool-1 - Thread starvation or clock leap detected (housekeeper delta=4h41m40s29ms).
2021-02-16 13:18:40,048 WARN  [HikariPool-1 housekeeper] com.zaxxer.hikari.pool.HikariPool HikariPool-1 - Thread starvation or clock leap detected (housekeeper delta=21m8s747ms).
2021-02-16 14:17:04,457 WARN  [HikariPool-1 housekeeper] com.zaxxer.hikari.pool.HikariPool HikariPool-1 - Thread starvation or clock leap detected (housekeeper delta=33m24s210ms).
2021-02-16 18:58:47,706 WARN  [HikariPool-1 housekeeper] com.zaxxer.hikari.pool.HikariPool HikariPool-1 - Thread starvation or clock leap detected (housekeeper delta=8m11s185ms).
2021-02-16 23:24:18,932 WARN  [HikariPool-1 housekeeper] com.zaxxer.hikari.pool.HikariPool HikariPool-1 - Thread starvation or clock leap detected (housekeeper delta=1h4m29s886ms).
2021-02-16 23:38:57,316 WARN  [HikariPool-1 housekeeper] com.zaxxer.hikari.pool.HikariPool HikariPool-1 - Thread starvation or clock leap detected (housekeeper delta=13m8s383ms).
2021-02-17 00:35:25,707 WARN  [HikariPool-1 housekeeper] com.zaxxer.hikari.pool.HikariPool HikariPool-1 - Thread starvation or clock leap detected (housekeeper delta=56m28s390ms).
2021-02-17 00:39:49,811 WARN  [HikariPool-1 housekeeper] com.zaxxer.hikari.pool.HikariPool HikariPool-1 - Thread starvation or clock leap detected (housekeeper delta=54s92ms).
2021-02-17 01:15:52,976 WARN  [HikariPool-1 housekeeper] com.zaxxer.hikari.pool.HikariPool HikariPool-1 - Thread starvation or clock leap detected (housekeeper delta=35m33s164ms).
2021-02-17 01:17:13,270 WARN  [HikariPool-1 housekeeper] com.zaxxer.hikari.pool.HikariPool HikariPool-1 - Thread starvation or clock leap detected (housekeeper delta=1m20s294ms).
2021-02-17 02:19:48,034 WARN  [HikariPool-1 housekeeper] com.zaxxer.hikari.pool.HikariPool HikariPool-1 - Thread starvation or clock leap detected (housekeeper delta=1h34s499ms).
2021-02-17 02:34:05,268 WARN  [HikariPool-1 housekeeper] com.zaxxer.hikari.pool.HikariPool HikariPool-1 - Thread starvation or clock leap detected (housekeeper delta=14m17s494ms).
2021-02-17 06:00:03,371 WARN  [HikariPool-1 housekeeper] com.zaxxer.hikari.pool.HikariPool HikariPool-1 - Thread starvation or clock leap detected (housekeeper delta=2h27s669ms).
2021-02-17 08:00:15,805 WARN  [HikariPool-1 housekeeper] com.zaxxer.hikari.pool.HikariPool HikariPool-1 - Thread starvation or clock leap detected (housekeeper delta=2h12s430ms).
2021-02-17 11:30:07,011 WARN  [HikariPool-1 housekeeper] com.zaxxer.hikari.pool.HikariPool HikariPool-1 - Thread starvation or clock leap detected (housekeeper delta=3h29m51s205ms).
2021-02-17 13:07:35,782 WARN  [HikariPool-1 housekeeper] com.zaxxer.hikari.pool.HikariPool HikariPool-1 - Thread starvation or clock leap detected (housekeeper delta=1h37m28s776ms).
2021-02-17 14:18:41,018 WARN  [HikariPool-1 housekeeper] com.zaxxer.hikari.pool.HikariPool HikariPool-1 - Thread starvation or clock leap detected (housekeeper delta=3m34s771ms).
2021-02-17 14:19:42,124 WARN  [HikariPool-1 housekeeper] com.zaxxer.hikari.pool.HikariPool HikariPool-1 - Thread starvation or clock leap detected (housekeeper delta=1m1s106ms).
2021-02-17 14:21:19,495 WARN  [HikariPool-1 housekeeper] com.zaxxer.hikari.pool.HikariPool HikariPool-1 - Thread starvation or clock leap detected (housekeeper delta=1m37s371ms).
2021-02-17 19:34:27,372 WARN  [HikariPool-1 housekeeper] com.zaxxer.hikari.pool.HikariPool HikariPool-1 - Retrograde clock change detected (housekeeper delta=29s773ms), soft-evicting connections from pool.
2021-02-17 20:04:43,590 WARN  [HikariPool-1 housekeeper] com.zaxxer.hikari.pool.HikariPool HikariPool-1 - Thread starvation or clock leap detected (housekeeper delta=30m16s221ms).
2021-02-17 20:06:41,178 WARN  [HikariPool-1 housekeeper] com.zaxxer.hikari.pool.HikariPool HikariPool-1 - Thread starvation or clock leap detected (housekeeper delta=1m27s590ms).
2021-02-17 20:08:50,695 WARN  [HikariPool-1 housekeeper] com.zaxxer.hikari.pool.HikariPool HikariPool-1 - Thread starvation or clock leap detected (housekeeper delta=1m39s511ms).
2021-02-17 23:35:10,474 WARN  [HikariPool-1 housekeeper] com.zaxxer.hikari.pool.HikariPool HikariPool-1 - Thread starvation or clock leap detected (housekeeper delta=1h25m48s646ms).
2021-02-18 08:15:38,105 WARN  [HikariPool-1 housekeeper] com.zaxxer.hikari.pool.HikariPool HikariPool-1 - Thread starvation or clock leap detected (housekeeper delta=4h25s620ms).
2021-02-18 10:16:07,786 WARN  [HikariPool-1 housekeeper] com.zaxxer.hikari.pool.HikariPool HikariPool-1 - Thread starvation or clock leap detected (housekeeper delta=2h29s907ms).
2021-02-18 13:37:02,449 WARN  [HikariPool-1 housekeeper] com.zaxxer.hikari.pool.HikariPool HikariPool-1 - Thread starvation or clock leap detected (housekeeper delta=3h20m54s663ms).
2021-02-18 13:38:55,796 WARN  [HikariPool-1 housekeeper] com.zaxxer.hikari.pool.HikariPool HikariPool-1 - Thread starvation or clock leap detected (housekeeper delta=1m53s350ms).
2021-02-18 13:53:48,938 WARN  [HikariPool-1 housekeeper] com.zaxxer.hikari.pool.HikariPool HikariPool-1 - Thread starvation or clock leap detected (housekeeper delta=4m22s144ms).
2021-02-18 14:08:51,168 WARN  [HikariPool-1 housekeeper] com.zaxxer.hikari.pool.HikariPool HikariPool-1 - Thread starvation or clock leap detected (housekeeper delta=14m32s218ms).
2021-02-18 15:34:26,895 WARN  [HikariPool-1 housekeeper] com.zaxxer.hikari.pool.HikariPool HikariPool-1 - Thread starvation or clock leap detected (housekeeper delta=2m35s56ms).
2021-02-18 22:14:09,412 WARN  [HikariPool-1 housekeeper] com.zaxxer.hikari.pool.HikariPool HikariPool-1 - Thread starvation or clock leap detected (housekeeper delta=20m9s760ms).
2021-02-18 22:45:18,486 WARN  [HikariPool-1 housekeeper] com.zaxxer.hikari.pool.HikariPool HikariPool-1 - Thread starvation or clock leap detected (housekeeper delta=4m8s867ms).
2021-02-18 23:03:21,125 WARN  [HikariPool-1 housekeeper] com.zaxxer.hikari.pool.HikariPool HikariPool-1 - Thread starvation or clock leap detected (housekeeper delta=18m2s639ms).
2021-02-19 00:06:26,821 WARN  [HikariPool-1 housekeeper] com.zaxxer.hikari.pool.HikariPool HikariPool-1 - Thread starvation or clock leap detected (housekeeper delta=12m5s506ms).
2021-02-19 01:44:37,070 WARN  [HikariPool-1 housekeeper] com.zaxxer.hikari.pool.HikariPool HikariPool-1 - Thread starvation or clock leap detected (housekeeper delta=4m9s692ms).
2021-02-19 07:35:01,696 WARN  [HikariPool-1 housekeeper] com.zaxxer.hikari.pool.HikariPool HikariPool-1 - Thread starvation or clock leap detected (housekeeper delta=4h23s996ms).
2021-02-19 09:35:15,327 WARN  [HikariPool-1 housekeeper] com.zaxxer.hikari.pool.HikariPool HikariPool-1 - Thread starvation or clock leap detected (housekeeper delta=2h13s602ms).
2021-02-19 11:15:11,335 WARN  [HikariPool-1 housekeeper] com.zaxxer.hikari.pool.HikariPool HikariPool-1 - Thread starvation or clock leap detected (housekeeper delta=1h39m56s32ms).
2021-02-19 11:50:15,619 WARN  [HikariPool-1 housekeeper] com.zaxxer.hikari.pool.HikariPool HikariPool-1 - Thread starvation or clock leap detected (housekeeper delta=35m4s289ms).
2021-02-19 13:05:38,578 WARN  [HikariPool-1 housekeeper] com.zaxxer.hikari.pool.HikariPool HikariPool-1 - Thread starvation or clock leap detected (housekeeper delta=52s572ms).
2021-02-19 13:42:47,198 WARN  [HikariPool-1 housekeeper] com.zaxxer.hikari.pool.HikariPool HikariPool-1 - Thread starvation or clock leap detected (housekeeper delta=36m38s606ms).
2021-02-19 14:34:40,144 WARN  [HikariPool-1 housekeeper] com.zaxxer.hikari.pool.HikariPool HikariPool-1 - Thread starvation or clock leap detected (housekeeper delta=29m22s664ms).
2021-02-20 02:38:38,651 WARN  [HikariPool-1 housekeeper] com.zaxxer.hikari.pool.HikariPool HikariPool-1 - Thread starvation or clock leap detected (housekeeper delta=44m23s541ms).
2021-02-20 02:39:36,735 WARN  [HikariPool-1 housekeeper] com.zaxxer.hikari.pool.HikariPool HikariPool-1 - Thread starvation or clock leap detected (housekeeper delta=57s641ms).
2021-02-20 02:46:52,234 WARN  [HikariPool-1 housekeeper] com.zaxxer.hikari.pool.HikariPool HikariPool-1 - Thread starvation or clock leap detected (housekeeper delta=6m45s459ms).
